<?xml version="1.0" encoding="UTF-8"?>
<testng-results ignored="0" total="0" passed="0" failed="0" skipped="0">
  <reporter-output>
  </reporter-output>
  <suite started-at="2025-02-17T19:38:26 MST" name="Suite" finished-at="2025-02-17T19:38:26 MST" duration-ms="387">
    <groups>
    </groups>
    <test started-at="2025-02-17T19:38:26 MST" name="Test" finished-at="2025-02-17T19:38:26 MST" duration-ms="387">
      <class name="Campaign.CreateCampaignTest">
        <test-method is-config="true" signature="bs()[pri:0, instance:Campaign.CreateCampaignTest@7770f470]" started-at="2025-02-17T19:38:26 MST" name="bs" finished-at="2025-02-17T19:38:26 MST" duration-ms="15" status="PASS">
          <reporter-output>
          </reporter-output>
        </test-method> <!-- bs -->
        <test-method is-config="true" signature="bt()[pri:0, instance:Campaign.CreateCampaignTest@7770f470]" started-at="2025-02-17T19:38:26 MST" name="bt" finished-at="2025-02-17T19:38:26 MST" duration-ms="0" status="PASS">
          <reporter-output>
          </reporter-output>
        </test-method> <!-- bt -->
        <test-method is-config="true" signature="at()[pri:0, instance:Campaign.CreateCampaignTest@7770f470]" started-at="2025-02-17T19:38:26 MST" name="at" finished-at="2025-02-17T19:38:26 MST" duration-ms="0" status="PASS">
          <reporter-output>
          </reporter-output>
        </test-method> <!-- at -->
        <test-method is-config="true" signature="as()[pri:0, instance:Campaign.CreateCampaignTest@7770f470]" started-at="2025-02-17T19:38:26 MST" name="as" finished-at="2025-02-17T19:38:26 MST" duration-ms="0" status="PASS">
          <reporter-output>
          </reporter-output>
        </test-method> <!-- as -->
      </class> <!-- Campaign.CreateCampaignTest -->
    </test> <!-- Test -->
  </suite> <!-- Suite -->
</testng-results>
